==7403== Memcheck, a memory error detector
==7403== Copyright (C) 2002-2022, and GNU GPL'd, by Julian Seward et al.
==7403== Using Valgrind-3.19.0 and LibVEX; rerun with -h for copyright info
==7403== Command: ./membot
==7403== Parent PID: 3331
==7403== 
### unhandled dwarf2 abbrev form code 0x25
### unhandled dwarf2 abbrev form code 0x25
### unhandled dwarf2 abbrev form code 0x25
### unhandled dwarf2 abbrev form code 0x23
### unhandled dwarf2 abbrev form code 0x25
### unhandled dwarf2 abbrev form code 0x25
### unhandled dwarf2 abbrev form code 0x25
### unhandled dwarf2 abbrev form code 0x23
==7403== Valgrind: debuginfo reader: ensure_valid failed:
==7403== Valgrind:   during call to ML_(img_get)
==7403== Valgrind:   request for range [1075805714, +4) exceeds
==7403== Valgrind:   valid image size of 993160 for image:
==7403== Valgrind:   "/home/jason/dev/CppND-Memory-Management-Chatbot/debug/membot"
==7403== 
==7403== Valgrind: debuginfo reader: Possibly corrupted debuginfo file.
==7403== Valgrind: I can't recover.  Giving up.  Sorry.
==7403== 
